<?xml version="1.0" encoding="UTF-8"?>
<testng-results skipped="0" failed="0" ignored="0" total="1" passed="1">
  <reporter-output>
  </reporter-output>
  <suite name="Default suite" duration-ms="98403" started-at="2018-07-28T16:54:51Z" finished-at="2018-07-28T16:56:30Z">
    <groups>
    </groups>
    <test name="Default test" duration-ms="98403" started-at="2018-07-28T16:54:51Z" finished-at="2018-07-28T16:56:30Z">
      <class name="practiceTest.Login">
        <test-method status="PASS" signature="setUp()[pri:0, instance:practiceTest.Login@ae45eb6]" name="setUp" is-config="true" duration-ms="53094" started-at="2018-07-28T16:54:51Z" finished-at="2018-07-28T16:55:44Z">
          <reporter-output>
          </reporter-output>
        </test-method> <!-- setUp -->
        <test-method status="PASS" signature="test()[pri:1, instance:practiceTest.Login@ae45eb6]" name="test" duration-ms="43769" started-at="2018-07-28T16:55:44Z" finished-at="2018-07-28T16:56:28Z">
          <reporter-output>
          </reporter-output>
        </test-method> <!-- test -->
        <test-method status="PASS" signature="tearDown()[pri:0, instance:practiceTest.Login@ae45eb6]" name="tearDown" is-config="true" duration-ms="1447" started-at="2018-07-28T16:56:28Z" finished-at="2018-07-28T16:56:30Z">
          <reporter-output>
          </reporter-output>
        </test-method> <!-- tearDown -->
      </class> <!-- practiceTest.Login -->
    </test> <!-- Default test -->
  </suite> <!-- Default suite -->
</testng-results>
